2026-02-18 10:55:20,482 [INFO] Task started (v4.1)
2026-02-18 10:55:20,484 [INFO] Vacation roll=0.157, prob=0.003
2026-02-18 10:55:20,484 [INFO] Commit prob=0.63, decision=True
2026-02-18 10:55:20,718 [INFO] [main f8b453d] Refactor logic
 6 files changed, 8 insertions(+), 3 deletions(-)
 create mode 100644 .autocommit.lock
 create mode 100644 autocommit.log
 create mode 100644 heartbeat.txt
 create mode 100644 log_20260218.txt
2026-02-18 10:55:23,160 [WARNING] To https://github.com/Acceleratorer/auto_commit
   d3ed3dc..f8b453d  main -> main
2026-02-18 10:55:23,161 [INFO] Burnout updated \u2192 0.12
2026-02-18 10:55:23,161 [INFO] Committed: Refactor logic
2026-02-18 10:55:23,162 [INFO] Task finished (v4.1)
2026-02-18 10:56:55,929 [INFO] Task started (v4.1)
2026-02-18 10:56:55,932 [INFO] Vacation roll=0.838, prob=0.006
2026-02-18 10:56:55,932 [INFO] Commit prob=0.59, decision=False
2026-02-18 10:56:55,932 [INFO] Burnout updated \u2192 0.04
2026-02-18 10:56:55,933 [INFO] No commit this run
2026-02-18 10:56:55,935 [INFO] Task finished (v4.1)
2026-02-18 10:58:19,864 [INFO] Task started (v4.1)
2026-02-18 10:58:19,865 [INFO] Vacation roll=0.817, prob=0.004
2026-02-18 10:58:19,865 [INFO] Commit prob=0.62, decision=False
2026-02-18 10:58:19,865 [INFO] Burnout updated \u2192 0.00
2026-02-18 10:58:19,865 [INFO] No commit this run
2026-02-18 10:58:19,867 [INFO] Task finished (v4.1)
